Requesting current 1 page
Requesting current 2 page
Requesting current 3 page
Requesting current 4 page
Requesting current 5 page
Requesting current 6 page
Requesting current 7 page
All pages processed. Page 6 is the last page.
Processing data for project with ID:  (1/513)
Processing data for project with ID: 3106 (2/513)
Processing data for project with ID: 2962 (3/513)
Processing data for project with ID: 2950 (4/513)
Processing data for project with ID: 2949 (5/513)
Processing data for project with ID: 2948 (6/513)
Processing data for project with ID: 2947 (7/513)
Processing data for project with ID: 2946 (8/513)
Processing data for project with ID: 2919 (9/513)
Processing data for project with ID: 2898 (10/513)
Processing data for project with ID: 2897 (11/513)
Processing data for project with ID: 2885 (12/513)
Processing data for project with ID: 2867 (13/513)
Processing data for project with ID: 2866 (14/513)
Processing data for project with ID: 2864 (15/513)
Processing data for project with ID: 2863 (16/513)
Processing data for project with ID: 2860 (17/513)
Processing data for project with ID: 2834 (18/513)
Processing data for project with ID: 2833 (19/513)
Processing data for project with ID: 2827 (20/513)
Processing data for project with ID: 2781 (21/513)
Processing data for project with ID: 2766 (22/513)
Processing data for project with ID: 2765 (23/513)
Processing data for project with ID: 2764 (24/513)
Processing data for project with ID: 2763 (25/513)
Processing data for project with ID: 2762 (26/513)
Processing data for project with ID: 2757 (27/513)
Processing data for project with ID: 2752 (28/513)
Processing data for project with ID: 2751 (29/513)
Processing data for project with ID: 2750 (30/513)
Processing data for project with ID: 2744 (31/513)
Processing data for project with ID: 2743 (32/513)
Processing data for project with ID: 2742 (33/513)
Processing data for project with ID: 2741 (34/513)
Processing data for project with ID: 2740 (35/513)
Processing data for project with ID: 2730 (36/513)
Processing data for project with ID: 2726 (37/513)
Processing data for project with ID: 2725 (38/513)
Processing data for project with ID: 2717 (39/513)
Processing data for project with ID: 2713 (40/513)
Processing data for project with ID: 2712 (41/513)
Processing data for project with ID: 2710 (42/513)
Processing data for project with ID: 2706 (43/513)
Processing data for project with ID: 2705 (44/513)
Processing data for project with ID: 2701 (45/513)
Processing data for project with ID: 2699 (46/513)
Processing data for project with ID: 2691 (47/513)
Processing data for project with ID: 2690 (48/513)
Processing data for project with ID: 2685 (49/513)
Processing data for project with ID: 2684 (50/513)
Processing data for project with ID: 2683 (51/513)
Processing data for project with ID: 2682 (52/513)
Processing data for project with ID: 2675 (53/513)
Processing data for project with ID: 2674 (54/513)
Processing data for project with ID: 2673 (55/513)
Processing data for project with ID: 2672 (56/513)
Processing data for project with ID: 2671 (57/513)
Processing data for project with ID: 2670 (58/513)
Processing data for project with ID: 2669 (59/513)
Processing data for project with ID: 2668 (60/513)
Processing data for project with ID: 2667 (61/513)
Processing data for project with ID: 2665 (62/513)
Processing data for project with ID: 2664 (63/513)
Processing data for project with ID: 2663 (64/513)
Processing data for project with ID: 2660 (65/513)
Processing data for project with ID: 2658 (66/513)
Processing data for project with ID: 2657 (67/513)
Processing data for project with ID: 2656 (68/513)
Processing data for project with ID: 2655 (69/513)
Processing data for project with ID: 2653 (70/513)
Processing data for project with ID: 2651 (71/513)
Processing data for project with ID: 2650 (72/513)
Processing data for project with ID: 2638 (73/513)
Processing data for project with ID: 2635 (74/513)
Processing data for project with ID: 2633 (75/513)
Processing data for project with ID: 2630 (76/513)
Processing data for project with ID: 2629 (77/513)
Processing data for project with ID: 2627 (78/513)
Processing data for project with ID: 2625 (79/513)
Processing data for project with ID: 2624 (80/513)
Processing data for project with ID: 2620 (81/513)
Processing data for project with ID: 2619 (82/513)
Processing data for project with ID: 2618 (83/513)
Processing data for project with ID: 2617 (84/513)
Processing data for project with ID: 2616 (85/513)
Processing data for project with ID: 2615 (86/513)
Processing data for project with ID: 2614 (87/513)
Processing data for project with ID: 2613 (88/513)
Processing data for project with ID: 2611 (89/513)
Processing data for project with ID: 2610 (90/513)
Processing data for project with ID: 2609 (91/513)
Processing data for project with ID: 2608 (92/513)
Processing data for project with ID: 2607 (93/513)
Processing data for project with ID: 2606 (94/513)
Processing data for project with ID: 2605 (95/513)
Processing data for project with ID: 2604 (96/513)
Processing data for project with ID: 2603 (97/513)
Processing data for project with ID: 2594 (98/513)
Processing data for project with ID: 2589 (99/513)
Processing data for project with ID: 2576 (100/513)
Processing data for project with ID: 2560 (101/513)
Processing data for project with ID: 2485 (102/513)
Processing data for project with ID: 2483 (103/513)
Processing data for project with ID: 2482 (104/513)
Processing data for project with ID: 2481 (105/513)
Processing data for project with ID: 2477 (106/513)
Processing data for project with ID: 2476 (107/513)
Processing data for project with ID: 2474 (108/513)
Processing data for project with ID: 2472 (109/513)
Processing data for project with ID: 2471 (110/513)
Processing data for project with ID: 2470 (111/513)
Processing data for project with ID: 2469 (112/513)
Processing data for project with ID: 2468 (113/513)
Processing data for project with ID: 2467 (114/513)
Processing data for project with ID: 2466 (115/513)
Processing data for project with ID: 2465 (116/513)
Processing data for project with ID: 2464 (117/513)
Processing data for project with ID: 2463 (118/513)
Processing data for project with ID: 2462 (119/513)
Processing data for project with ID: 2461 (120/513)
Processing data for project with ID: 2460 (121/513)
Processing data for project with ID: 2459 (122/513)
Processing data for project with ID: 2458 (123/513)
Processing data for project with ID: 2457 (124/513)
Processing data for project with ID: 2456 (125/513)
Processing data for project with ID: 2455 (126/513)
Processing data for project with ID: 2453 (127/513)
Processing data for project with ID: 2452 (128/513)
Processing data for project with ID: 2448 (129/513)
Processing data for project with ID: 2446 (130/513)
Processing data for project with ID: 2445 (131/513)
Processing data for project with ID: 2430 (132/513)
Processing data for project with ID: 2428 (133/513)
Processing data for project with ID: 2427 (134/513)
Processing data for project with ID: 2426 (135/513)
Processing data for project with ID: 2425 (136/513)
Processing data for project with ID: 2424 (137/513)
Processing data for project with ID: 2423 (138/513)
Processing data for project with ID: 2418 (139/513)
Processing data for project with ID: 2417 (140/513)
Processing data for project with ID: 2415 (141/513)
Processing data for project with ID: 2408 (142/513)
Processing data for project with ID: 2405 (143/513)
Processing data for project with ID: 2404 (144/513)
Processing data for project with ID: 2397 (145/513)
Processing data for project with ID: 2390 (146/513)
Processing data for project with ID: 2389 (147/513)
Processing data for project with ID: 2362 (148/513)
Processing data for project with ID: 2353 (149/513)
Processing data for project with ID: 2318 (150/513)
Processing data for project with ID: 2312 (151/513)
Processing data for project with ID: 2310 (152/513)
Processing data for project with ID: 2309 (153/513)
Processing data for project with ID: 2308 (154/513)
Processing data for project with ID: 2307 (155/513)
Processing data for project with ID: 2304 (156/513)
Processing data for project with ID: 2298 (157/513)
Processing data for project with ID: 2292 (158/513)
Processing data for project with ID: 2291 (159/513)
Processing data for project with ID: 2290 (160/513)
Processing data for project with ID: 2267 (161/513)
Processing data for project with ID: 2266 (162/513)
Processing data for project with ID: 2265 (163/513)
Processing data for project with ID: 2263 (164/513)
Processing data for project with ID: 2262 (165/513)
Processing data for project with ID: 2261 (166/513)
Processing data for project with ID: 2260 (167/513)
Processing data for project with ID: 2257 (168/513)
Processing data for project with ID: 2248 (169/513)
Processing data for project with ID: 2247 (170/513)
Processing data for project with ID: 2246 (171/513)
Processing data for project with ID: 2232 (172/513)
Processing data for project with ID: 2203 (173/513)
Processing data for project with ID: 2190 (174/513)
Processing data for project with ID: 2185 (175/513)
Processing data for project with ID: 2183 (176/513)
Processing data for project with ID: 2176 (177/513)
Processing data for project with ID: 2175 (178/513)
Processing data for project with ID: 2164 (179/513)
Processing data for project with ID: 2159 (180/513)
Processing data for project with ID: 2155 (181/513)
Processing data for project with ID: 2146 (182/513)
Processing data for project with ID: 2144 (183/513)
Processing data for project with ID: 2124 (184/513)
Processing data for project with ID: 2122 (185/513)
Processing data for project with ID: 2119 (186/513)
Processing data for project with ID: 2111 (187/513)
Processing data for project with ID: 2110 (188/513)
Processing data for project with ID: 2109 (189/513)
Processing data for project with ID: 2096 (190/513)
Processing data for project with ID: 2085 (191/513)
Processing data for project with ID: 2079 (192/513)
Processing data for project with ID: 2078 (193/513)
Processing data for project with ID: 2032 (194/513)
Processing data for project with ID: 2019 (195/513)
Processing data for project with ID: 2007 (196/513)
Processing data for project with ID: 2006 (197/513)
Processing data for project with ID: 2000 (198/513)
Processing data for project with ID: 1999 (199/513)
Processing data for project with ID: 1998 (200/513)
Processing data for project with ID: 1997 (201/513)
Processing data for project with ID: 1982 (202/513)
Processing data for project with ID: 1925 (203/513)
Processing data for project with ID: 1920 (204/513)
Processing data for project with ID: 1894 (205/513)
Processing data for project with ID: 1869 (206/513)
Processing data for project with ID: 1860 (207/513)
Processing data for project with ID: 1859 (208/513)
Processing data for project with ID: 1841 (209/513)
Processing data for project with ID: 1827 (210/513)
Processing data for project with ID: 1782 (211/513)
Processing data for project with ID: 1759 (212/513)
Processing data for project with ID: 1746 (213/513)
Processing data for project with ID: 1745 (214/513)
Processing data for project with ID: 1730 (215/513)
Processing data for project with ID: 1729 (216/513)
Processing data for project with ID: 1728 (217/513)
Processing data for project with ID: 1692 (218/513)
Processing data for project with ID: 1649 (219/513)
Processing data for project with ID: 1633 (220/513)
Processing data for project with ID: 1627 (221/513)
Processing data for project with ID: 1615 (222/513)
Processing data for project with ID: 1608 (223/513)
Processing data for project with ID: 1602 (224/513)
Processing data for project with ID: 1601 (225/513)
Processing data for project with ID: 1600 (226/513)
Processing data for project with ID: 1593 (227/513)
Processing data for project with ID: 1581 (228/513)
Processing data for project with ID: 1574 (229/513)
Processing data for project with ID: 1573 (230/513)
Processing data for project with ID: 1566 (231/513)
Processing data for project with ID: 1563 (232/513)
Processing data for project with ID: 1562 (233/513)
Processing data for project with ID: 1551 (234/513)
Processing data for project with ID: 1550 (235/513)
Processing data for project with ID: 1526 (236/513)
Processing data for project with ID: 1525 (237/513)
Processing data for project with ID: 1510 (238/513)
Processing data for project with ID: 1482 (239/513)
Processing data for project with ID: 1479 (240/513)
Processing data for project with ID: 1464 (241/513)
Processing data for project with ID: 1404 (242/513)
Processing data for project with ID: 1397 (243/513)
Processing data for project with ID: 1368 (244/513)
Processing data for project with ID: 1367 (245/513)
Processing data for project with ID: 1364 (246/513)
Processing data for project with ID: 1361 (247/513)
Processing data for project with ID: 1355 (248/513)
Processing data for project with ID: 1353 (249/513)
Processing data for project with ID: 1340 (250/513)
Processing data for project with ID: 1330 (251/513)
Processing data for project with ID: 1327 (252/513)
Processing data for project with ID: 1323 (253/513)
Processing data for project with ID: 1318 (254/513)
Processing data for project with ID: 1315 (255/513)
Processing data for project with ID: 1313 (256/513)
Processing data for project with ID: 1312 (257/513)
Processing data for project with ID: 1311 (258/513)
Processing data for project with ID: 1302 (259/513)
Processing data for project with ID: 1294 (260/513)
Processing data for project with ID: 1293 (261/513)
Processing data for project with ID: 1274 (262/513)
Processing data for project with ID: 1272 (263/513)
Processing data for project with ID: 1271 (264/513)
Processing data for project with ID: 1255 (265/513)
Processing data for project with ID: 1254 (266/513)
Processing data for project with ID: 1253 (267/513)
Processing data for project with ID: 1252 (268/513)
Processing data for project with ID: 1251 (269/513)
Processing data for project with ID: 1250 (270/513)
Processing data for project with ID: 1239 (271/513)
Processing data for project with ID: 1231 (272/513)
Processing data for project with ID: 1229 (273/513)
Processing data for project with ID: 1227 (274/513)
Processing data for project with ID: 1212 (275/513)
Processing data for project with ID: 1210 (276/513)
Processing data for project with ID: 1195 (277/513)
Processing data for project with ID: 1194 (278/513)
Processing data for project with ID: 1193 (279/513)
Processing data for project with ID: 1187 (280/513)
Processing data for project with ID: 1185 (281/513)
Processing data for project with ID: 1184 (282/513)
Processing data for project with ID: 1182 (283/513)
Processing data for project with ID: 1179 (284/513)
Processing data for project with ID: 1178 (285/513)
Processing data for project with ID: 1176 (286/513)
Processing data for project with ID: 1171 (287/513)
Processing data for project with ID: 1157 (288/513)
Processing data for project with ID: 1154 (289/513)
Processing data for project with ID: 1153 (290/513)
Processing data for project with ID: 1152 (291/513)
Processing data for project with ID: 1151 (292/513)
Processing data for project with ID: 1150 (293/513)
Processing data for project with ID: 1149 (294/513)
Processing data for project with ID: 1148 (295/513)
Processing data for project with ID: 1132 (296/513)
Processing data for project with ID: 1131 (297/513)
Processing data for project with ID: 1130 (298/513)
Processing data for project with ID: 1129 (299/513)
Processing data for project with ID: 1128 (300/513)
Processing data for project with ID: 1123 (301/513)
Processing data for project with ID: 1120 (302/513)
Processing data for project with ID: 1118 (303/513)
Processing data for project with ID: 1117 (304/513)
Processing data for project with ID: 1116 (305/513)
Processing data for project with ID: 1115 (306/513)
Processing data for project with ID: 1114 (307/513)
Processing data for project with ID: 1112 (308/513)
Processing data for project with ID: 1108 (309/513)
Processing data for project with ID: 1105 (310/513)
Processing data for project with ID: 1093 (311/513)
Processing data for project with ID: 1089 (312/513)
Processing data for project with ID: 1084 (313/513)
Processing data for project with ID: 1083 (314/513)
Processing data for project with ID: 1082 (315/513)
Processing data for project with ID: 1074 (316/513)
Processing data for project with ID: 1073 (317/513)
Processing data for project with ID: 1072 (318/513)
Processing data for project with ID: 1071 (319/513)
Processing data for project with ID: 1068 (320/513)
Processing data for project with ID: 1067 (321/513)
Processing data for project with ID: 1066 (322/513)
Processing data for project with ID: 1064 (323/513)
Processing data for project with ID: 1063 (324/513)
Processing data for project with ID: 1061 (325/513)
Processing data for project with ID: 1059 (326/513)
Processing data for project with ID: 1056 (327/513)
Processing data for project with ID: 1055 (328/513)
Processing data for project with ID: 1052 (329/513)
Processing data for project with ID: 1012 (330/513)
Processing data for project with ID: 1011 (331/513)
Processing data for project with ID: 1010 (332/513)
Processing data for project with ID: 1009 (333/513)
Processing data for project with ID: 1008 (334/513)
Processing data for project with ID: 1005 (335/513)
Processing data for project with ID: 1002 (336/513)
Processing data for project with ID: 1001 (337/513)
Processing data for project with ID: 1000 (338/513)
Processing data for project with ID: 998 (339/513)
Processing data for project with ID: 997 (340/513)
Processing data for project with ID: 995 (341/513)
Processing data for project with ID: 994 (342/513)
Processing data for project with ID: 993 (343/513)
Processing data for project with ID: 992 (344/513)
Processing data for project with ID: 991 (345/513)
Processing data for project with ID: 986 (346/513)
Processing data for project with ID: 981 (347/513)
Processing data for project with ID: 978 (348/513)
Processing data for project with ID: 977 (349/513)
Processing data for project with ID: 976 (350/513)
Processing data for project with ID: 975 (351/513)
Processing data for project with ID: 972 (352/513)
Processing data for project with ID: 971 (353/513)
Processing data for project with ID: 970 (354/513)
Processing data for project with ID: 969 (355/513)
Processing data for project with ID: 968 (356/513)
Processing data for project with ID: 967 (357/513)
Processing data for project with ID: 966 (358/513)
Processing data for project with ID: 965 (359/513)
Processing data for project with ID: 960 (360/513)
Processing data for project with ID: 959 (361/513)
Processing data for project with ID: 958 (362/513)
Processing data for project with ID: 957 (363/513)
Processing data for project with ID: 955 (364/513)
Processing data for project with ID: 954 (365/513)
Processing data for project with ID: 952 (366/513)
Processing data for project with ID: 951 (367/513)
Processing data for project with ID: 946 (368/513)
Processing data for project with ID: 944 (369/513)
Processing data for project with ID: 943 (370/513)
Processing data for project with ID: 940 (371/513)
Processing data for project with ID: 939 (372/513)
Processing data for project with ID: 938 (373/513)
Processing data for project with ID: 934 (374/513)
Processing data for project with ID: 933 (375/513)
Processing data for project with ID: 932 (376/513)
Processing data for project with ID: 931 (377/513)
Processing data for project with ID: 930 (378/513)
Processing data for project with ID: 929 (379/513)
Processing data for project with ID: 928 (380/513)
Processing data for project with ID: 927 (381/513)
Processing data for project with ID: 926 (382/513)
Processing data for project with ID: 925 (383/513)
Processing data for project with ID: 924 (384/513)
Processing data for project with ID: 923 (385/513)
Processing data for project with ID: 922 (386/513)
Processing data for project with ID: 920 (387/513)
Processing data for project with ID: 919 (388/513)
Processing data for project with ID: 918 (389/513)
Processing data for project with ID: 912 (390/513)
Processing data for project with ID: 907 (391/513)
Processing data for project with ID: 906 (392/513)
Processing data for project with ID: 905 (393/513)
Processing data for project with ID: 904 (394/513)
Processing data for project with ID: 903 (395/513)
Processing data for project with ID: 902 (396/513)
Processing data for project with ID: 901 (397/513)
Processing data for project with ID: 900 (398/513)
Processing data for project with ID: 899 (399/513)
Processing data for project with ID: 898 (400/513)
Processing data for project with ID: 897 (401/513)
Processing data for project with ID: 894 (402/513)
Processing data for project with ID: 892 (403/513)
Processing data for project with ID: 891 (404/513)
Processing data for project with ID: 890 (405/513)
Processing data for project with ID: 889 (406/513)
Processing data for project with ID: 888 (407/513)
Processing data for project with ID: 886 (408/513)
Processing data for project with ID: 885 (409/513)
Processing data for project with ID: 884 (410/513)
Processing data for project with ID: 883 (411/513)
Processing data for project with ID: 882 (412/513)
Processing data for project with ID: 879 (413/513)
Processing data for project with ID: 877 (414/513)
Processing data for project with ID: 871 (415/513)
Processing data for project with ID: 870 (416/513)
Processing data for project with ID: 869 (417/513)
Processing data for project with ID: 868 (418/513)
Processing data for project with ID: 867 (419/513)
Processing data for project with ID: 866 (420/513)
Processing data for project with ID: 865 (421/513)
Processing data for project with ID: 864 (422/513)
Processing data for project with ID: 863 (423/513)
Processing data for project with ID: 862 (424/513)
Processing data for project with ID: 861 (425/513)
Processing data for project with ID: 860 (426/513)
Processing data for project with ID: 859 (427/513)
Processing data for project with ID: 858 (428/513)
Processing data for project with ID: 857 (429/513)
Processing data for project with ID: 856 (430/513)
Processing data for project with ID: 854 (431/513)
Processing data for project with ID: 853 (432/513)
Processing data for project with ID: 852 (433/513)
Processing data for project with ID: 851 (434/513)
Processing data for project with ID: 850 (435/513)
Processing data for project with ID: 849 (436/513)
Processing data for project with ID: 848 (437/513)
Processing data for project with ID: 842 (438/513)
Processing data for project with ID: 840 (439/513)
Processing data for project with ID: 839 (440/513)
Processing data for project with ID: 837 (441/513)
Processing data for project with ID: 836 (442/513)
Processing data for project with ID: 835 (443/513)
Processing data for project with ID: 834 (444/513)
Processing data for project with ID: 833 (445/513)
Processing data for project with ID: 832 (446/513)
Processing data for project with ID: 830 (447/513)
Processing data for project with ID: 829 (448/513)
Processing data for project with ID: 828 (449/513)
Processing data for project with ID: 826 (450/513)
Processing data for project with ID: 825 (451/513)
Processing data for project with ID: 824 (452/513)
Processing data for project with ID: 359 (453/513)
Processing data for project with ID: 311 (454/513)
Processing data for project with ID: 283 (455/513)
Processing data for project with ID: 281 (456/513)
Processing data for project with ID: 242 (457/513)
Processing data for project with ID: 194 (458/513)
Processing data for project with ID: 192 (459/513)
Processing data for project with ID: 191 (460/513)
Processing data for project with ID: 190 (461/513)
Processing data for project with ID: 189 (462/513)
Processing data for project with ID: 188 (463/513)
Processing data for project with ID: 187 (464/513)
Processing data for project with ID: 186 (465/513)
Processing data for project with ID: 184 (466/513)
Processing data for project with ID: 183 (467/513)
Processing data for project with ID: 182 (468/513)
Processing data for project with ID: 181 (469/513)
Processing data for project with ID: 180 (470/513)
Processing data for project with ID: 179 (471/513)
Processing data for project with ID: 176 (472/513)
Processing data for project with ID: 175 (473/513)
Processing data for project with ID: 171 (474/513)
Processing data for project with ID: 170 (475/513)
Processing data for project with ID: 169 (476/513)
Processing data for project with ID: 168 (477/513)
Processing data for project with ID: 161 (478/513)
Processing data for project with ID: 160 (479/513)
Processing data for project with ID: 158 (480/513)
Processing data for project with ID: 157 (481/513)
Processing data for project with ID: 156 (482/513)
Processing data for project with ID: 155 (483/513)
Processing data for project with ID: 154 (484/513)
Processing data for project with ID: 153 (485/513)
Processing data for project with ID: 152 (486/513)
Processing data for project with ID: 151 (487/513)
Processing data for project with ID: 150 (488/513)
Processing data for project with ID: 149 (489/513)
Processing data for project with ID: 148 (490/513)
Processing data for project with ID: 147 (491/513)
Processing data for project with ID: 146 (492/513)
Processing data for project with ID: 145 (493/513)
Processing data for project with ID: 143 (494/513)
Processing data for project with ID: 142 (495/513)
Processing data for project with ID: 140 (496/513)
Processing data for project with ID: 139 (497/513)
Processing data for project with ID: 138 (498/513)
Processing data for project with ID: 137 (499/513)
Processing data for project with ID: 136 (500/513)
Processing data for project with ID: 135 (501/513)
Processing data for project with ID: 131 (502/513)
Processing data for project with ID: 127 (503/513)
Processing data for project with ID: 124 (504/513)
Processing data for project with ID: 121 (505/513)
Processing data for project with ID: 105 (506/513)
Processing data for project with ID: 104 (507/513)
Processing data for project with ID: 102 (508/513)
Processing data for project with ID: 101 (509/513)
Processing data for project with ID: 98 (510/513)
Processing data for project with ID: 95 (511/513)
Processing data for project with ID: 80 (512/513)
Processing data for project with ID: 79 (513/513)
Custom JSON data for all projects has been created and saved to /SCRIPTS/ANSIBLE/git-backup-check/playbooks/roles/git_config_web/handlers/.config/git3_custom_all.json
